\BOOKMARK [0][-]{chapter.1}{\376\377\000C\000l\000a\000s\000s\000\040\000I\000n\000d\000e\000x}{}% 1
\BOOKMARK [1][-]{section.1.1}{\376\377\000C\000l\000a\000s\000s\000\040\000L\000i\000s\000t}{chapter.1}% 2
\BOOKMARK [0][-]{chapter.2}{\376\377\000F\000i\000l\000e\000\040\000I\000n\000d\000e\000x}{}% 3
\BOOKMARK [1][-]{section.2.1}{\376\377\000F\000i\000l\000e\000\040\000L\000i\000s\000t}{chapter.2}% 4
\BOOKMARK [0][-]{chapter.3}{\376\377\000C\000l\000a\000s\000s\000\040\000D\000o\000c\000u\000m\000e\000n\000t\000a\000t\000i\000o\000n}{}% 5
\BOOKMARK [1][-]{section.3.1}{\376\377\000b\000u\000b\000b\000l\000e\000S\000o\000r\000t\000\040\000C\000l\000a\000s\000s\000\040\000R\000e\000f\000e\000r\000e\000n\000c\000e}{chapter.3}% 6
\BOOKMARK [2][-]{subsection.3.1.1}{\376\377\000C\000o\000n\000s\000t\000r\000u\000c\000t\000o\000r\000\040\000\046\000\040\000D\000e\000s\000t\000r\000u\000c\000t\000o\000r\000\040\000D\000o\000c\000u\000m\000e\000n\000t\000a\000t\000i\000o\000n}{section.3.1}% 7
\BOOKMARK [3][-]{subsubsection.3.1.1.1}{\376\377\000b\000u\000b\000b\000l\000e\000S\000o\000r\000t}{subsection.3.1.1}% 8
\BOOKMARK [2][-]{subsection.3.1.2}{\376\377\000M\000e\000m\000b\000e\000r\000\040\000F\000u\000n\000c\000t\000i\000o\000n\000\040\000D\000o\000c\000u\000m\000e\000n\000t\000a\000t\000i\000o\000n}{section.3.1}% 9
\BOOKMARK [3][-]{subsubsection.3.1.2.1}{\376\377\000b\000u\000b\000b\000l\000e\000U\000p}{subsection.3.1.2}% 10
\BOOKMARK [3][-]{subsubsection.3.1.2.2}{\376\377\000g\000e\000t\000C\000o\000m\000p\000a\000r\000i\000s\000o\000n\000s}{subsection.3.1.2}% 11
\BOOKMARK [3][-]{subsubsection.3.1.2.3}{\376\377\000g\000e\000t\000S\000w\000a\000p\000s}{subsection.3.1.2}% 12
\BOOKMARK [3][-]{subsubsection.3.1.2.4}{\376\377\000g\000e\000t\000T\000i\000m\000e}{subsection.3.1.2}% 13
\BOOKMARK [3][-]{subsubsection.3.1.2.5}{\376\377\000r\000e\000a\000d\000i\000n}{subsection.3.1.2}% 14
\BOOKMARK [3][-]{subsubsection.3.1.2.6}{\376\377\000r\000e\000s\000e\000t\000C\000o\000u\000n\000t\000s}{subsection.3.1.2}% 15
\BOOKMARK [3][-]{subsubsection.3.1.2.7}{\376\377\000s\000o\000r\000t}{subsection.3.1.2}% 16
\BOOKMARK [1][-]{section.3.2}{\376\377\000c\000o\000u\000n\000t\000i\000n\000g\000S\000o\000r\000t\000\040\000C\000l\000a\000s\000s\000\040\000R\000e\000f\000e\000r\000e\000n\000c\000e}{chapter.3}% 17
\BOOKMARK [2][-]{subsection.3.2.1}{\376\377\000C\000o\000n\000s\000t\000r\000u\000c\000t\000o\000r\000\040\000\046\000\040\000D\000e\000s\000t\000r\000u\000c\000t\000o\000r\000\040\000D\000o\000c\000u\000m\000e\000n\000t\000a\000t\000i\000o\000n}{section.3.2}% 18
\BOOKMARK [3][-]{subsubsection.3.2.1.1}{\376\377\000c\000o\000u\000n\000t\000i\000n\000g\000S\000o\000r\000t}{subsection.3.2.1}% 19
\BOOKMARK [2][-]{subsection.3.2.2}{\376\377\000M\000e\000m\000b\000e\000r\000\040\000F\000u\000n\000c\000t\000i\000o\000n\000\040\000D\000o\000c\000u\000m\000e\000n\000t\000a\000t\000i\000o\000n}{section.3.2}% 20
\BOOKMARK [3][-]{subsubsection.3.2.2.1}{\376\377\000g\000e\000t\000C\000o\000m\000p\000a\000r\000i\000s\000o\000n\000s}{subsection.3.2.2}% 21
\BOOKMARK [3][-]{subsubsection.3.2.2.2}{\376\377\000g\000e\000t\000S\000w\000a\000p\000s}{subsection.3.2.2}% 22
\BOOKMARK [3][-]{subsubsection.3.2.2.3}{\376\377\000g\000e\000t\000T\000i\000m\000e}{subsection.3.2.2}% 23
\BOOKMARK [3][-]{subsubsection.3.2.2.4}{\376\377\000r\000e\000a\000d\000i\000n}{subsection.3.2.2}% 24
\BOOKMARK [3][-]{subsubsection.3.2.2.5}{\376\377\000r\000e\000s\000e\000t\000C\000o\000u\000n\000t\000s}{subsection.3.2.2}% 25
\BOOKMARK [3][-]{subsubsection.3.2.2.6}{\376\377\000s\000o\000r\000t}{subsection.3.2.2}% 26
\BOOKMARK [1][-]{section.3.3}{\376\377\000m\000e\000r\000g\000e\000S\000o\000r\000t\000\040\000C\000l\000a\000s\000s\000\040\000R\000e\000f\000e\000r\000e\000n\000c\000e}{chapter.3}% 27
\BOOKMARK [2][-]{subsection.3.3.1}{\376\377\000C\000o\000n\000s\000t\000r\000u\000c\000t\000o\000r\000\040\000\046\000\040\000D\000e\000s\000t\000r\000u\000c\000t\000o\000r\000\040\000D\000o\000c\000u\000m\000e\000n\000t\000a\000t\000i\000o\000n}{section.3.3}% 28
\BOOKMARK [3][-]{subsubsection.3.3.1.1}{\376\377\000m\000e\000r\000g\000e\000S\000o\000r\000t}{subsection.3.3.1}% 29
\BOOKMARK [2][-]{subsection.3.3.2}{\376\377\000M\000e\000m\000b\000e\000r\000\040\000F\000u\000n\000c\000t\000i\000o\000n\000\040\000D\000o\000c\000u\000m\000e\000n\000t\000a\000t\000i\000o\000n}{section.3.3}% 30
\BOOKMARK [3][-]{subsubsection.3.3.2.1}{\376\377\000g\000e\000t\000C\000o\000m\000p\000a\000r\000i\000s\000o\000n\000s}{subsection.3.3.2}% 31
\BOOKMARK [3][-]{subsubsection.3.3.2.2}{\376\377\000g\000e\000t\000S\000w\000a\000p\000s}{subsection.3.3.2}% 32
\BOOKMARK [3][-]{subsubsection.3.3.2.3}{\376\377\000g\000e\000t\000T\000i\000m\000e}{subsection.3.3.2}% 33
\BOOKMARK [3][-]{subsubsection.3.3.2.4}{\376\377\000m\000e\000r\000g\000e}{subsection.3.3.2}% 34
\BOOKMARK [3][-]{subsubsection.3.3.2.5}{\376\377\000r\000e\000a\000d\000i\000n}{subsection.3.3.2}% 35
\BOOKMARK [3][-]{subsubsection.3.3.2.6}{\376\377\000r\000e\000s\000e\000t\000C\000o\000u\000n\000t\000s}{subsection.3.3.2}% 36
\BOOKMARK [3][-]{subsubsection.3.3.2.7}{\376\377\000s\000o\000r\000t}{subsection.3.3.2}% 37
\BOOKMARK [3][-]{subsubsection.3.3.2.8}{\376\377\000t\000i\000m\000e\000S\000o\000r\000t}{subsection.3.3.2}% 38
\BOOKMARK [0][-]{chapter.4}{\376\377\000F\000i\000l\000e\000\040\000D\000o\000c\000u\000m\000e\000n\000t\000a\000t\000i\000o\000n}{}% 39
\BOOKMARK [1][-]{section.4.1}{\376\377\000b\000u\000b\000b\000l\000e\000.\000c\000p\000p\000\040\000F\000i\000l\000e\000\040\000R\000e\000f\000e\000r\000e\000n\000c\000e}{chapter.4}% 40
\BOOKMARK [2][-]{subsection.4.1.1}{\376\377\000D\000e\000t\000a\000i\000l\000e\000d\000\040\000D\000e\000s\000c\000r\000i\000p\000t\000i\000o\000n}{section.4.1}% 41
\BOOKMARK [1][-]{section.4.2}{\376\377\000c\000o\000u\000n\000t\000i\000n\000g\000.\000c\000p\000p\000\040\000F\000i\000l\000e\000\040\000R\000e\000f\000e\000r\000e\000n\000c\000e}{chapter.4}% 42
\BOOKMARK [2][-]{subsection.4.2.1}{\376\377\000D\000e\000t\000a\000i\000l\000e\000d\000\040\000D\000e\000s\000c\000r\000i\000p\000t\000i\000o\000n}{section.4.2}% 43
\BOOKMARK [1][-]{section.4.3}{\376\377\000m\000a\000i\000n\000.\000c\000p\000p\000\040\000F\000i\000l\000e\000\040\000R\000e\000f\000e\000r\000e\000n\000c\000e}{chapter.4}% 44
\BOOKMARK [2][-]{subsection.4.3.1}{\376\377\000D\000e\000t\000a\000i\000l\000e\000d\000\040\000D\000e\000s\000c\000r\000i\000p\000t\000i\000o\000n}{section.4.3}% 45
\BOOKMARK [2][-]{subsection.4.3.2}{\376\377\000F\000u\000n\000c\000t\000i\000o\000n\000\040\000D\000o\000c\000u\000m\000e\000n\000t\000a\000t\000i\000o\000n}{section.4.3}% 46
\BOOKMARK [3][-]{subsubsection.4.3.2.1}{\376\377\000a\000n\000a\000l\000y\000z\000e\000B\000u\000b\000b\000l\000e}{subsection.4.3.2}% 47
\BOOKMARK [3][-]{subsubsection.4.3.2.2}{\376\377\000a\000n\000a\000l\000y\000z\000e\000C\000o\000u\000n\000t\000i\000n\000g}{subsection.4.3.2}% 48
\BOOKMARK [3][-]{subsubsection.4.3.2.3}{\376\377\000a\000n\000a\000l\000y\000z\000e\000M\000e\000r\000g\000e}{subsection.4.3.2}% 49
\BOOKMARK [3][-]{subsubsection.4.3.2.4}{\376\377\000m\000a\000i\000n}{subsection.4.3.2}% 50
\BOOKMARK [1][-]{section.4.4}{\376\377\000m\000e\000r\000g\000e\000.\000c\000p\000p\000\040\000F\000i\000l\000e\000\040\000R\000e\000f\000e\000r\000e\000n\000c\000e}{chapter.4}% 51
\BOOKMARK [2][-]{subsection.4.4.1}{\376\377\000D\000e\000t\000a\000i\000l\000e\000d\000\040\000D\000e\000s\000c\000r\000i\000p\000t\000i\000o\000n}{section.4.4}% 52
\BOOKMARK [1][-]{section.4.5}{\376\377\000s\000o\000r\000t\000s\000.\000h\000\040\000F\000i\000l\000e\000\040\000R\000e\000f\000e\000r\000e\000n\000c\000e}{chapter.4}% 53
\BOOKMARK [2][-]{subsection.4.5.1}{\376\377\000D\000e\000t\000a\000i\000l\000e\000d\000\040\000D\000e\000s\000c\000r\000i\000p\000t\000i\000o\000n}{section.4.5}% 54
\BOOKMARK [2][-]{subsection.4.5.2}{\376\377\000V\000a\000r\000i\000a\000b\000l\000e\000\040\000D\000o\000c\000u\000m\000e\000n\000t\000a\000t\000i\000o\000n}{section.4.5}% 55
\BOOKMARK [3][-]{subsubsection.4.5.2.1}{\376\377\000M\000A\000X\000\137\000S\000I\000Z\000E}{subsection.4.5.2}% 56
\BOOKMARK [3][-]{subsubsection.4.5.2.2}{\376\377\000M\000A\000X\000\137\000V\000A\000L\000U\000E\000S}{subsection.4.5.2}% 57
\BOOKMARK [0][-]{section*.8}{\376\377\000I\000n\000d\000e\000x}{}% 58
