Configuration File Data
Processor = 10 ms/cycle
Monitor = 25 ms/cycle
Hard Drive = 50 ms/cycle
Printer = 500 ms/cycle
Keyboard = 1000 ms/cycle
Memory = 35 ms/cycle
Mouse = 20 ms/cycle
Speaker = 10 ms/cycle
Logged to: monitor and output/output_3.out

Meta-Data Metrics
M(allocate)5 - 175 ms
P(run)4 - 40 ms
I(hard drive)14 - 700 ms
O(printer)10 - 5000 ms
P(run)9 - 90 ms
P(run)9 - 90 ms
I(keyboard)5 - 5000 ms
P(run)14 - 140 ms
O(hard drive)9 - 450 ms
M(allocate)4 - 140 ms
I(mouse)9 - 180 ms
O(hard drive)7 - 350 ms
P(run)8 - 80 ms
I(hard drive)8 - 400 ms
O(printer)12 - 6000 ms
P(run)11 - 110 ms
P(run)1 - 10 ms
O(printer)5 - 2500 ms
O(monitor)5 - 125 ms
O(speaker)2 - 20 ms
P(run)11 - 110 ms
P(run)14 - 140 ms
