\BOOKMARK [0][-]{chapter.1}{\376\377\000C\000l\000a\000s\000s\000\040\000I\000n\000d\000e\000x}{}% 1
\BOOKMARK [1][-]{section.1.1}{\376\377\000C\000l\000a\000s\000s\000\040\000L\000i\000s\000t}{chapter.1}% 2
\BOOKMARK [0][-]{chapter.2}{\376\377\000F\000i\000l\000e\000\040\000I\000n\000d\000e\000x}{}% 3
\BOOKMARK [1][-]{section.2.1}{\376\377\000F\000i\000l\000e\000\040\000L\000i\000s\000t}{chapter.2}% 4
\BOOKMARK [0][-]{chapter.3}{\376\377\000C\000l\000a\000s\000s\000\040\000D\000o\000c\000u\000m\000e\000n\000t\000a\000t\000i\000o\000n}{}% 5
\BOOKMARK [1][-]{section.3.1}{\376\377\000E\000m\000p\000l\000o\000y\000e\000e\000\040\000C\000l\000a\000s\000s\000\040\000R\000e\000f\000e\000r\000e\000n\000c\000e}{chapter.3}% 6
\BOOKMARK [2][-]{subsection.3.1.1}{\376\377\000M\000e\000m\000b\000e\000r\000\040\000F\000u\000n\000c\000t\000i\000o\000n\000\040\000D\000o\000c\000u\000m\000e\000n\000t\000a\000t\000i\000o\000n}{section.3.1}% 7
\BOOKMARK [3][-]{subsubsection.3.1.1.1}{\376\377\000g\000e\000t\000A\000g\000e}{subsection.3.1.1}% 8
\BOOKMARK [3][-]{subsubsection.3.1.1.2}{\376\377\000g\000e\000t\000E\000m\000p\000l\000o\000y\000e\000e\000I\000D}{subsection.3.1.1}% 9
\BOOKMARK [3][-]{subsubsection.3.1.1.3}{\376\377\000g\000e\000t\000N\000a\000m\000e}{subsection.3.1.1}% 10
\BOOKMARK [3][-]{subsubsection.3.1.1.4}{\376\377\000g\000e\000t\000S\000a\000l\000a\000r\000y}{subsection.3.1.1}% 11
\BOOKMARK [3][-]{subsubsection.3.1.1.5}{\376\377\000s\000e\000t\000A\000g\000e}{subsection.3.1.1}% 12
\BOOKMARK [3][-]{subsubsection.3.1.1.6}{\376\377\000s\000e\000t\000E\000m\000p\000l\000o\000y\000e\000e\000I\000D}{subsection.3.1.1}% 13
\BOOKMARK [3][-]{subsubsection.3.1.1.7}{\376\377\000s\000e\000t\000N\000a\000m\000e}{subsection.3.1.1}% 14
\BOOKMARK [3][-]{subsubsection.3.1.1.8}{\376\377\000s\000e\000t\000S\000a\000l\000a\000r\000y}{subsection.3.1.1}% 15
\BOOKMARK [1][-]{section.3.2}{\376\377\000E\000m\000p\000l\000o\000y\000e\000e\000C\000o\000n\000t\000a\000i\000n\000e\000r\000\040\000C\000l\000a\000s\000s\000\040\000R\000e\000f\000e\000r\000e\000n\000c\000e}{chapter.3}% 16
\BOOKMARK [2][-]{subsection.3.2.1}{\376\377\000M\000e\000m\000b\000e\000r\000\040\000F\000u\000n\000c\000t\000i\000o\000n\000\040\000D\000o\000c\000u\000m\000e\000n\000t\000a\000t\000i\000o\000n}{section.3.2}% 17
\BOOKMARK [3][-]{subsubsection.3.2.1.1}{\376\377\000a\000d\000d\000E\000m\000p\000l\000o\000y\000e\000e}{subsection.3.2.1}% 18
\BOOKMARK [3][-]{subsubsection.3.2.1.2}{\376\377\000e\000x\000p\000o\000r\000t\000E\000m\000p\000l\000o\000y\000e\000e\000D\000a\000t\000a}{subsection.3.2.1}% 19
\BOOKMARK [3][-]{subsubsection.3.2.1.3}{\376\377\000g\000e\000t\000A\000v\000g\000A\000g\000e}{subsection.3.2.1}% 20
\BOOKMARK [3][-]{subsubsection.3.2.1.4}{\376\377\000g\000e\000t\000A\000v\000g\000S\000a\000l\000a\000r\000y}{subsection.3.2.1}% 21
\BOOKMARK [3][-]{subsubsection.3.2.1.5}{\376\377\000g\000e\000t\000N\000u\000m\000E\000m\000p\000l\000o\000y\000e\000e\000s}{subsection.3.2.1}% 22
\BOOKMARK [3][-]{subsubsection.3.2.1.6}{\376\377\000s\000o\000r\000t\000B\000y\000I\000D}{subsection.3.2.1}% 23
\BOOKMARK [0][-]{chapter.4}{\376\377\000F\000i\000l\000e\000\040\000D\000o\000c\000u\000m\000e\000n\000t\000a\000t\000i\000o\000n}{}% 24
\BOOKMARK [1][-]{section.4.1}{\376\377\000p\000r\000o\000j\000e\000c\000t\0001\000.\000c\000p\000p\000\040\000F\000i\000l\000e\000\040\000R\000e\000f\000e\000r\000e\000n\000c\000e}{chapter.4}% 25
\BOOKMARK [2][-]{subsection.4.1.1}{\376\377\000D\000e\000t\000a\000i\000l\000e\000d\000\040\000D\000e\000s\000c\000r\000i\000p\000t\000i\000o\000n}{section.4.1}% 26
\BOOKMARK [1][-]{section.4.2}{\376\377\000p\000r\000o\000j\000e\000c\000t\0001\000.\000h\000\040\000F\000i\000l\000e\000\040\000R\000e\000f\000e\000r\000e\000n\000c\000e}{chapter.4}% 27
\BOOKMARK [2][-]{subsection.4.2.1}{\376\377\000D\000e\000t\000a\000i\000l\000e\000d\000\040\000D\000e\000s\000c\000r\000i\000p\000t\000i\000o\000n}{section.4.2}% 28
\BOOKMARK [0][-]{section*.5}{\376\377\000I\000n\000d\000e\000x}{}% 29
